  main.cpp
D:\文件\C++项目\ComputerGraphics\ExperimentFinal--2017153009\ExperimentFinal--2017153009\include\Angel.h(63,47): warning C4305: “初始化”: 从“double”到“GLfloat”截断
D:\文件\C++项目\ComputerGraphics\ExperimentFinal--2017153009\ExperimentFinal--2017153009\include\mat.h(698,18): warning C4244: “=”: 从“double”转换到“GLfloat”，可能丢失数据
D:\文件\C++项目\ComputerGraphics\ExperimentFinal--2017153009\ExperimentFinal--2017153009\include\mat.h(699,18): warning C4244: “=”: 从“double”转换到“GLfloat”，可能丢失数据
D:\文件\C++项目\ComputerGraphics\ExperimentFinal--2017153009\ExperimentFinal--2017153009\include\mat.h(700,18): warning C4244: “=”: 从“double”转换到“GLfloat”，可能丢失数据
D:\文件\C++项目\ComputerGraphics\ExperimentFinal--2017153009\ExperimentFinal--2017153009\include\mat.h(721,24): warning C4244: “=”: 从“double”转换到“GLfloat”，可能丢失数据
D:\文件\C++项目\ComputerGraphics\ExperimentFinal--2017153009\ExperimentFinal--2017153009\include\mat.h(723,24): warning C4244: “=”: 从“double”转换到“GLfloat”，可能丢失数据
D:\文件\C++项目\ComputerGraphics\ExperimentFinal--2017153009\ExperimentFinal--2017153009\include\mat.h(726,30): warning C4244: “=”: 从“double”转换到“GLfloat”，可能丢失数据
D:\文件\C++项目\ComputerGraphics\ExperimentFinal--2017153009\ExperimentFinal--2017153009\include\mat.h(743,30): warning C4244: “=”: 从“double”转换到“GLfloat”，可能丢失数据
D:\文件\C++项目\ComputerGraphics\ExperimentFinal--2017153009\ExperimentFinal--2017153009\designHead.h(14,29): warning C4305: “初始化”: 从“double”到“GLfloat”截断
D:\文件\C++项目\ComputerGraphics\ExperimentFinal--2017153009\ExperimentFinal--2017153009\designHead.h(15,27): warning C4305: “初始化”: 从“double”到“GLfloat”截断
D:\文件\C++项目\ComputerGraphics\ExperimentFinal--2017153009\ExperimentFinal--2017153009\main.cpp(77,17): warning C4244: “=”: 从“double”转换到“GLfloat”，可能丢失数据
D:\文件\C++项目\ComputerGraphics\ExperimentFinal--2017153009\ExperimentFinal--2017153009\main.cpp(78,17): warning C4244: “=”: 从“double”转换到“GLfloat”，可能丢失数据
D:\文件\C++项目\ComputerGraphics\ExperimentFinal--2017153009\ExperimentFinal--2017153009\main.cpp(79,18): warning C4244: “=”: 从“double”转换到“GLfloat”，可能丢失数据
D:\文件\C++项目\ComputerGraphics\ExperimentFinal--2017153009\ExperimentFinal--2017153009\main.cpp(91,15): warning C4244: “初始化”: 从“double”转换到“GLfloat”，可能丢失数据
D:\文件\C++项目\ComputerGraphics\ExperimentFinal--2017153009\ExperimentFinal--2017153009\main.cpp(98,31): warning C4244: “=”: 从“double”转换到“GLfloat”，可能丢失数据
D:\文件\C++项目\ComputerGraphics\ExperimentFinal--2017153009\ExperimentFinal--2017153009\main.cpp(169,20): warning C4018: “<”: 有符号/无符号不匹配
D:\文件\C++项目\ComputerGraphics\ExperimentFinal--2017153009\ExperimentFinal--2017153009\main.cpp(280,29): warning C4244: “参数”: 从“GLdouble”转换到“GLfloat”，可能丢失数据
D:\文件\C++项目\ComputerGraphics\ExperimentFinal--2017153009\ExperimentFinal--2017153009\main.cpp(330,35): warning C4244: “参数”: 从“double”转换到“const GLfloat”，可能丢失数据
D:\文件\C++项目\ComputerGraphics\ExperimentFinal--2017153009\ExperimentFinal--2017153009\main.cpp(331,34): warning C4244: “参数”: 从“double”转换到“const GLfloat”，可能丢失数据
D:\文件\C++项目\ComputerGraphics\ExperimentFinal--2017153009\ExperimentFinal--2017153009\main.cpp(331,21): warning C4244: “参数”: 从“double”转换到“const GLfloat”，可能丢失数据
D:\文件\C++项目\ComputerGraphics\ExperimentFinal--2017153009\ExperimentFinal--2017153009\main.cpp(331,9): warning C4244: “参数”: 从“double”转换到“const GLfloat”，可能丢失数据
D:\文件\C++项目\ComputerGraphics\ExperimentFinal--2017153009\ExperimentFinal--2017153009\main.cpp(382,27): warning C4244: “=”: 从“double”转换到“GLfloat”，可能丢失数据
D:\文件\C++项目\ComputerGraphics\ExperimentFinal--2017153009\ExperimentFinal--2017153009\main.cpp(384,27): warning C4244: “=”: 从“double”转换到“GLfloat”，可能丢失数据
D:\文件\C++项目\ComputerGraphics\ExperimentFinal--2017153009\ExperimentFinal--2017153009\main.cpp(426,17): warning C4305: “*=”: 从“double”到“GLfloat”截断
D:\文件\C++项目\ComputerGraphics\ExperimentFinal--2017153009\ExperimentFinal--2017153009\main.cpp(440,19): warning C4305: “+=”: 从“double”到“float”截断
D:\文件\C++项目\ComputerGraphics\ExperimentFinal--2017153009\ExperimentFinal--2017153009\main.cpp(445,19): warning C4305: “-=”: 从“double”到“float”截断
  ExperimentFinal--2017153009.vcxproj -> D:\文件\C++项目\ComputerGraphics\ExperimentFinal--2017153009\Debug\ExperimentFinal--2017153009.exe
