  InitShader.cpp
D:\文件\C++项目\ComputerGraphics\Transformation2017153009\Transformation2017153009\Transformation2017153009\include\Angel.h(63,47): warning C4305: “初始化”: 从“double”到“GLfloat”截断
D:\文件\C++项目\ComputerGraphics\Transformation2017153009\Transformation2017153009\Transformation2017153009\include\mat.h(698,18): warning C4244: “=”: 从“double”转换到“GLfloat”，可能丢失数据
D:\文件\C++项目\ComputerGraphics\Transformation2017153009\Transformation2017153009\Transformation2017153009\include\mat.h(699,18): warning C4244: “=”: 从“double”转换到“GLfloat”，可能丢失数据
D:\文件\C++项目\ComputerGraphics\Transformation2017153009\Transformation2017153009\Transformation2017153009\include\mat.h(700,18): warning C4244: “=”: 从“double”转换到“GLfloat”，可能丢失数据
D:\文件\C++项目\ComputerGraphics\Transformation2017153009\Transformation2017153009\Transformation2017153009\include\mat.h(721,24): warning C4244: “=”: 从“double”转换到“GLfloat”，可能丢失数据
D:\文件\C++项目\ComputerGraphics\Transformation2017153009\Transformation2017153009\Transformation2017153009\include\mat.h(723,24): warning C4244: “=”: 从“double”转换到“GLfloat”，可能丢失数据
D:\文件\C++项目\ComputerGraphics\Transformation2017153009\Transformation2017153009\Transformation2017153009\include\mat.h(726,30): warning C4244: “=”: 从“double”转换到“GLfloat”，可能丢失数据
  main.cpp
D:\文件\C++项目\ComputerGraphics\Transformation2017153009\Transformation2017153009\Transformation2017153009\include\mat.h(743,30): warning C4244: “=”: 从“double”转换到“GLfloat”，可能丢失数据
D:\文件\C++项目\ComputerGraphics\Transformation2017153009\Transformation2017153009\Transformation2017153009\include\Angel.h(63,47): warning C4305: “初始化”: 从“double”到“GLfloat”截断
D:\文件\C++项目\ComputerGraphics\Transformation2017153009\Transformation2017153009\Transformation2017153009\include\mat.h(698,18): warning C4244: “=”: 从“double”转换到“GLfloat”，可能丢失数据
D:\文件\C++项目\ComputerGraphics\Transformation2017153009\Transformation2017153009\Transformation2017153009\include\mat.h(699,18): warning C4244: “=”: 从“double”转换到“GLfloat”，可能丢失数据
D:\文件\C++项目\ComputerGraphics\Transformation2017153009\Transformation2017153009\Transformation2017153009\include\mat.h(700,18): warning C4244: “=”: 从“double”转换到“GLfloat”，可能丢失数据
D:\文件\C++项目\ComputerGraphics\Transformation2017153009\Transformation2017153009\Transformation2017153009\include\mat.h(721,24): warning C4244: “=”: 从“double”转换到“GLfloat”，可能丢失数据
D:\文件\C++项目\ComputerGraphics\Transformation2017153009\Transformation2017153009\Transformation2017153009\include\mat.h(723,24): warning C4244: “=”: 从“double”转换到“GLfloat”，可能丢失数据
D:\文件\C++项目\ComputerGraphics\Transformation2017153009\Transformation2017153009\Transformation2017153009\include\mat.h(726,30): warning C4244: “=”: 从“double”转换到“GLfloat”，可能丢失数据
D:\文件\C++项目\ComputerGraphics\Transformation2017153009\Transformation2017153009\Transformation2017153009\include\mat.h(743,30): warning C4244: “=”: 从“double”转换到“GLfloat”，可能丢失数据
D:\文件\C++项目\ComputerGraphics\Transformation2017153009\Transformation2017153009\Transformation2017153009\main.cpp(93,37): warning C4244: “参数”: 从“GLfloat”转换到“int”，可能丢失数据
D:\文件\C++项目\ComputerGraphics\Transformation2017153009\Transformation2017153009\Transformation2017153009\main.cpp(93,31): warning C4244: “参数”: 从“GLfloat”转换到“int”，可能丢失数据
D:\文件\C++项目\ComputerGraphics\Transformation2017153009\Transformation2017153009\Transformation2017153009\main.cpp(93,25): warning C4244: “参数”: 从“GLfloat”转换到“int”，可能丢失数据
D:\文件\C++项目\ComputerGraphics\Transformation2017153009\Transformation2017153009\Transformation2017153009\main.cpp(168,40): warning C4244: “+=”: 从“double”转换到“GLfloat”，可能丢失数据
D:\文件\C++项目\ComputerGraphics\Transformation2017153009\Transformation2017153009\Transformation2017153009\main.cpp(171,42): warning C4244: “+=”: 从“double”转换到“GLfloat”，可能丢失数据
  正在生成代码...
D:\文件\C++项目\ComputerGraphics\Transformation2017153009\Transformation2017153009\Transformation2017153009\main.cpp(174,48): warning C4244: “+=”: 从“double”转换到“GLfloat”，可能丢失数据
  Transformation2017153009.vcxproj -> D:\文件\C++项目\ComputerGraphics\Transformation2017153009\Transformation2017153009\Debug\Transformation2017153009.exe
