  main.cpp
D:\文件\C++项目\ComputerGraphics\ExperimentThree2017153009\ExperimentThree2017153009\include\Angel.h(63,47): warning C4305: “初始化”: 从“double”到“GLfloat”截断
D:\文件\C++项目\ComputerGraphics\ExperimentThree2017153009\ExperimentThree2017153009\include\mat.h(698,18): warning C4244: “=”: 从“double”转换到“GLfloat”，可能丢失数据
D:\文件\C++项目\ComputerGraphics\ExperimentThree2017153009\ExperimentThree2017153009\include\mat.h(699,18): warning C4244: “=”: 从“double”转换到“GLfloat”，可能丢失数据
D:\文件\C++项目\ComputerGraphics\ExperimentThree2017153009\ExperimentThree2017153009\include\mat.h(700,18): warning C4244: “=”: 从“double”转换到“GLfloat”，可能丢失数据
D:\文件\C++项目\ComputerGraphics\ExperimentThree2017153009\ExperimentThree2017153009\include\mat.h(721,24): warning C4244: “=”: 从“double”转换到“GLfloat”，可能丢失数据
D:\文件\C++项目\ComputerGraphics\ExperimentThree2017153009\ExperimentThree2017153009\include\mat.h(723,24): warning C4244: “=”: 从“double”转换到“GLfloat”，可能丢失数据
D:\文件\C++项目\ComputerGraphics\ExperimentThree2017153009\ExperimentThree2017153009\include\mat.h(726,30): warning C4244: “=”: 从“double”转换到“GLfloat”，可能丢失数据
D:\文件\C++项目\ComputerGraphics\ExperimentThree2017153009\ExperimentThree2017153009\include\mat.h(743,30): warning C4244: “=”: 从“double”转换到“GLfloat”，可能丢失数据
D:\文件\C++项目\ComputerGraphics\ExperimentThree2017153009\ExperimentThree2017153009\main.cpp(42,29): warning C4305: “初始化”: 从“double”到“GLfloat”截断
D:\文件\C++项目\ComputerGraphics\ExperimentThree2017153009\ExperimentThree2017153009\main.cpp(43,23): warning C4305: “初始化”: 从“double”到“GLfloat”截断
D:\文件\C++项目\ComputerGraphics\ExperimentThree2017153009\ExperimentThree2017153009\main.cpp(75,17): warning C4244: “=”: 从“double”转换到“GLfloat”，可能丢失数据
D:\文件\C++项目\ComputerGraphics\ExperimentThree2017153009\ExperimentThree2017153009\main.cpp(76,17): warning C4244: “=”: 从“double”转换到“GLfloat”，可能丢失数据
D:\文件\C++项目\ComputerGraphics\ExperimentThree2017153009\ExperimentThree2017153009\main.cpp(77,18): warning C4244: “=”: 从“double”转换到“GLfloat”，可能丢失数据
D:\文件\C++项目\ComputerGraphics\ExperimentThree2017153009\ExperimentThree2017153009\main.cpp(89,15): warning C4244: “初始化”: 从“double”转换到“GLfloat”，可能丢失数据
D:\文件\C++项目\ComputerGraphics\ExperimentThree2017153009\ExperimentThree2017153009\main.cpp(96,31): warning C4244: “=”: 从“double”转换到“GLfloat”，可能丢失数据
D:\文件\C++项目\ComputerGraphics\ExperimentThree2017153009\ExperimentThree2017153009\main.cpp(145,20): warning C4018: “<”: 有符号/无符号不匹配
D:\文件\C++项目\ComputerGraphics\ExperimentThree2017153009\ExperimentThree2017153009\main.cpp(231,30): warning C4244: “参数”: 从“GLdouble”转换到“GLfloat”，可能丢失数据
D:\文件\C++项目\ComputerGraphics\ExperimentThree2017153009\ExperimentThree2017153009\main.cpp(302,27): warning C4244: “=”: 从“double”转换到“GLfloat”，可能丢失数据
D:\文件\C++项目\ComputerGraphics\ExperimentThree2017153009\ExperimentThree2017153009\main.cpp(304,27): warning C4244: “=”: 从“double”转换到“GLfloat”，可能丢失数据
D:\文件\C++项目\ComputerGraphics\ExperimentThree2017153009\ExperimentThree2017153009\main.cpp(346,17): warning C4305: “*=”: 从“double”到“GLfloat”截断
D:\文件\C++项目\ComputerGraphics\ExperimentThree2017153009\ExperimentThree2017153009\main.cpp(360,19): warning C4305: “+=”: 从“double”到“float”截断
D:\文件\C++项目\ComputerGraphics\ExperimentThree2017153009\ExperimentThree2017153009\main.cpp(365,19): warning C4305: “-=”: 从“double”到“float”截断
  ExperimentThree2017153009.vcxproj -> D:\文件\C++项目\ComputerGraphics\ExperimentThree2017153009\Debug\ExperimentThree2017153009.exe
