  mesh.cpp
D:\文件\C++项目\ComputerGraphics\ExperimentFinalOne\ExperimentFinalOne\include\Angel.h(63,47): warning C4305: “初始化”: 从“double”到“GLfloat”截断
D:\文件\C++项目\ComputerGraphics\ExperimentFinalOne\ExperimentFinalOne\include\mat.h(698,18): warning C4244: “=”: 从“double”转换到“GLfloat”，可能丢失数据
D:\文件\C++项目\ComputerGraphics\ExperimentFinalOne\ExperimentFinalOne\include\mat.h(699,18): warning C4244: “=”: 从“double”转换到“GLfloat”，可能丢失数据
D:\文件\C++项目\ComputerGraphics\ExperimentFinalOne\ExperimentFinalOne\include\mat.h(700,18): warning C4244: “=”: 从“double”转换到“GLfloat”，可能丢失数据
D:\文件\C++项目\ComputerGraphics\ExperimentFinalOne\ExperimentFinalOne\include\mat.h(721,24): warning C4244: “=”: 从“double”转换到“GLfloat”，可能丢失数据
D:\文件\C++项目\ComputerGraphics\ExperimentFinalOne\ExperimentFinalOne\include\mat.h(723,24): warning C4244: “=”: 从“double”转换到“GLfloat”，可能丢失数据
D:\文件\C++项目\ComputerGraphics\ExperimentFinalOne\ExperimentFinalOne\include\mat.h(726,30): warning C4244: “=”: 从“double”转换到“GLfloat”，可能丢失数据
D:\文件\C++项目\ComputerGraphics\ExperimentFinalOne\ExperimentFinalOne\include\mat.h(743,30): warning C4244: “=”: 从“double”转换到“GLfloat”，可能丢失数据
D:\文件\C++项目\ComputerGraphics\ExperimentFinalOne\ExperimentFinalOne\mesh.cpp(131,30): warning C4244: “参数”: 从“GLfloat”转换到“const _Ty”，可能丢失数据
D:\文件\C++项目\ComputerGraphics\ExperimentFinalOne\ExperimentFinalOne\mesh.cpp(131,30): warning C4244:         with
D:\文件\C++项目\ComputerGraphics\ExperimentFinalOne\ExperimentFinalOne\mesh.cpp(131,30): warning C4244:         [
D:\文件\C++项目\ComputerGraphics\ExperimentFinalOne\ExperimentFinalOne\mesh.cpp(131,30): warning C4244:             _Ty=unsigned int
D:\文件\C++项目\ComputerGraphics\ExperimentFinalOne\ExperimentFinalOne\mesh.cpp(131,30): warning C4244:         ]
D:\文件\C++项目\ComputerGraphics\ExperimentFinalOne\ExperimentFinalOne\mesh.cpp(132,30): warning C4244: “参数”: 从“GLfloat”转换到“const _Ty”，可能丢失数据
D:\文件\C++项目\ComputerGraphics\ExperimentFinalOne\ExperimentFinalOne\mesh.cpp(132,30): warning C4244:         with
D:\文件\C++项目\ComputerGraphics\ExperimentFinalOne\ExperimentFinalOne\mesh.cpp(132,30): warning C4244:         [
D:\文件\C++项目\ComputerGraphics\ExperimentFinalOne\ExperimentFinalOne\mesh.cpp(132,30): warning C4244:             _Ty=unsigned int
D:\文件\C++项目\ComputerGraphics\ExperimentFinalOne\ExperimentFinalOne\mesh.cpp(132,30): warning C4244:         ]
D:\文件\C++项目\ComputerGraphics\ExperimentFinalOne\ExperimentFinalOne\mesh.cpp(133,30): warning C4244: “参数”: 从“GLfloat”转换到“const _Ty”，可能丢失数据
D:\文件\C++项目\ComputerGraphics\ExperimentFinalOne\ExperimentFinalOne\mesh.cpp(133,30): warning C4244:         with
D:\文件\C++项目\ComputerGraphics\ExperimentFinalOne\ExperimentFinalOne\mesh.cpp(133,30): warning C4244:         [
D:\文件\C++项目\ComputerGraphics\ExperimentFinalOne\ExperimentFinalOne\mesh.cpp(133,30): warning C4244:             _Ty=unsigned int
D:\文件\C++项目\ComputerGraphics\ExperimentFinalOne\ExperimentFinalOne\mesh.cpp(133,30): warning C4244:         ]
D:\文件\C++项目\ComputerGraphics\ExperimentFinalOne\ExperimentFinalOne\mesh.cpp(135,30): warning C4244: “参数”: 从“GLfloat”转换到“const _Ty”，可能丢失数据
D:\文件\C++项目\ComputerGraphics\ExperimentFinalOne\ExperimentFinalOne\mesh.cpp(135,30): warning C4244:         with
D:\文件\C++项目\ComputerGraphics\ExperimentFinalOne\ExperimentFinalOne\mesh.cpp(135,30): warning C4244:         [
D:\文件\C++项目\ComputerGraphics\ExperimentFinalOne\ExperimentFinalOne\mesh.cpp(135,30): warning C4244:             _Ty=unsigned int
D:\文件\C++项目\ComputerGraphics\ExperimentFinalOne\ExperimentFinalOne\mesh.cpp(135,30): warning C4244:         ]
D:\文件\C++项目\ComputerGraphics\ExperimentFinalOne\ExperimentFinalOne\mesh.cpp(136,30): warning C4244: “参数”: 从“GLfloat”转换到“const _Ty”，可能丢失数据
D:\文件\C++项目\ComputerGraphics\ExperimentFinalOne\ExperimentFinalOne\mesh.cpp(136,30): warning C4244:         with
D:\文件\C++项目\ComputerGraphics\ExperimentFinalOne\ExperimentFinalOne\mesh.cpp(136,30): warning C4244:         [
D:\文件\C++项目\ComputerGraphics\ExperimentFinalOne\ExperimentFinalOne\mesh.cpp(136,30): warning C4244:             _Ty=unsigned int
D:\文件\C++项目\ComputerGraphics\ExperimentFinalOne\ExperimentFinalOne\mesh.cpp(136,30): warning C4244:         ]
D:\文件\C++项目\ComputerGraphics\ExperimentFinalOne\ExperimentFinalOne\mesh.cpp(137,30): warning C4244: “参数”: 从“GLfloat”转换到“const _Ty”，可能丢失数据
D:\文件\C++项目\ComputerGraphics\ExperimentFinalOne\ExperimentFinalOne\mesh.cpp(137,30): warning C4244:         with
D:\文件\C++项目\ComputerGraphics\ExperimentFinalOne\ExperimentFinalOne\mesh.cpp(137,30): warning C4244:         [
D:\文件\C++项目\ComputerGraphics\ExperimentFinalOne\ExperimentFinalOne\mesh.cpp(137,30): warning C4244:             _Ty=unsigned int
D:\文件\C++项目\ComputerGraphics\ExperimentFinalOne\ExperimentFinalOne\mesh.cpp(137,30): warning C4244:         ]
D:\文件\C++项目\ComputerGraphics\ExperimentFinalOne\ExperimentFinalOne\mesh.cpp(150,20): warning C4305: “初始化”: 从“double”到“float”截断
D:\文件\C++项目\ComputerGraphics\ExperimentFinalOne\ExperimentFinalOne\mesh.cpp(152,13): warning C4244: “初始化”: 从“double”转换到“float”，可能丢失数据
D:\文件\C++项目\ComputerGraphics\ExperimentFinalOne\ExperimentFinalOne\mesh.cpp(193,11): warning C4244: “初始化”: 从“double”转换到“float”，可能丢失数据
D:\文件\C++项目\ComputerGraphics\ExperimentFinalOne\ExperimentFinalOne\mesh.cpp(194,11): warning C4244: “初始化”: 从“double”转换到“float”，可能丢失数据
D:\文件\C++项目\ComputerGraphics\ExperimentFinalOne\ExperimentFinalOne\mesh.cpp(199,11): warning C4244: “=”: 从“double”转换到“float”，可能丢失数据
D:\文件\C++项目\ComputerGraphics\ExperimentFinalOne\ExperimentFinalOne\mesh.cpp(200,11): warning C4244: “=”: 从“double”转换到“float”，可能丢失数据
D:\文件\C++项目\ComputerGraphics\ExperimentFinalOne\ExperimentFinalOne\mesh.cpp(216,44): warning C4244: “参数”: 从“double”转换到“float”，可能丢失数据
D:\文件\C++项目\ComputerGraphics\ExperimentFinalOne\ExperimentFinalOne\mesh.cpp(217,41): warning C4244: “参数”: 从“double”转换到“float”，可能丢失数据
D:\文件\C++项目\ComputerGraphics\ExperimentFinalOne\ExperimentFinalOne\mesh.cpp(220,23): warning C4305: “初始化”: 从“double”到“float”截断
D:\文件\C++项目\ComputerGraphics\ExperimentFinalOne\ExperimentFinalOne\mesh.cpp(222,13): warning C4244: “初始化”: 从“double”转换到“float”，可能丢失数据
D:\文件\C++项目\ComputerGraphics\ExperimentFinalOne\ExperimentFinalOne\mesh.cpp(264,32): warning C4244: “参数”: 从“double”转换到“_Ty”，可能丢失数据
D:\文件\C++项目\ComputerGraphics\ExperimentFinalOne\ExperimentFinalOne\mesh.cpp(264,32): warning C4244:         with
D:\文件\C++项目\ComputerGraphics\ExperimentFinalOne\ExperimentFinalOne\mesh.cpp(264,32): warning C4244:         [
D:\文件\C++项目\ComputerGraphics\ExperimentFinalOne\ExperimentFinalOne\mesh.cpp(264,32): warning C4244:             _Ty=float
D:\文件\C++项目\ComputerGraphics\ExperimentFinalOne\ExperimentFinalOne\mesh.cpp(264,32): warning C4244:         ]
D:\文件\C++项目\ComputerGraphics\ExperimentFinalOne\ExperimentFinalOne\mesh.cpp(267,40): warning C4244: “参数”: 从“double”转换到“_Ty”，可能丢失数据
D:\文件\C++项目\ComputerGraphics\ExperimentFinalOne\ExperimentFinalOne\mesh.cpp(267,40): warning C4244:         with
D:\文件\C++项目\ComputerGraphics\ExperimentFinalOne\ExperimentFinalOne\mesh.cpp(267,40): warning C4244:         [
D:\文件\C++项目\ComputerGraphics\ExperimentFinalOne\ExperimentFinalOne\mesh.cpp(267,40): warning C4244:             _Ty=float
D:\文件\C++项目\ComputerGraphics\ExperimentFinalOne\ExperimentFinalOne\mesh.cpp(267,40): warning C4244:         ]
D:\文件\C++项目\ComputerGraphics\ExperimentFinalOne\ExperimentFinalOne\mesh.cpp(271,33): warning C4305: “参数”: 从“double”到“_Ty”截断
D:\文件\C++项目\ComputerGraphics\ExperimentFinalOne\ExperimentFinalOne\mesh.cpp(271,33): warning C4305:         with
D:\文件\C++项目\ComputerGraphics\ExperimentFinalOne\ExperimentFinalOne\mesh.cpp(271,33): warning C4305:         [
D:\文件\C++项目\ComputerGraphics\ExperimentFinalOne\ExperimentFinalOne\mesh.cpp(271,33): warning C4305:             _Ty=float
D:\文件\C++项目\ComputerGraphics\ExperimentFinalOne\ExperimentFinalOne\mesh.cpp(271,33): warning C4305:         ]
D:\文件\C++项目\ComputerGraphics\ExperimentFinalOne\ExperimentFinalOne\mesh.cpp(286,23): warning C4305: “初始化”: 从“double”到“float”截断
D:\文件\C++项目\ComputerGraphics\ExperimentFinalOne\ExperimentFinalOne\mesh.cpp(287,13): warning C4244: “初始化”: 从“double”转换到“float”，可能丢失数据
D:\文件\C++项目\ComputerGraphics\ExperimentFinalOne\ExperimentFinalOne\mesh.cpp(353,32): warning C4244: “参数”: 从“double”转换到“_Ty”，可能丢失数据
D:\文件\C++项目\ComputerGraphics\ExperimentFinalOne\ExperimentFinalOne\mesh.cpp(353,32): warning C4244:         with
D:\文件\C++项目\ComputerGraphics\ExperimentFinalOne\ExperimentFinalOne\mesh.cpp(353,32): warning C4244:         [
D:\文件\C++项目\ComputerGraphics\ExperimentFinalOne\ExperimentFinalOne\mesh.cpp(353,32): warning C4244:             _Ty=float
D:\文件\C++项目\ComputerGraphics\ExperimentFinalOne\ExperimentFinalOne\mesh.cpp(353,32): warning C4244:         ]
D:\文件\C++项目\ComputerGraphics\ExperimentFinalOne\ExperimentFinalOne\mesh.cpp(356,40): warning C4244: “参数”: 从“double”转换到“_Ty”，可能丢失数据
D:\文件\C++项目\ComputerGraphics\ExperimentFinalOne\ExperimentFinalOne\mesh.cpp(356,40): warning C4244:         with
D:\文件\C++项目\ComputerGraphics\ExperimentFinalOne\ExperimentFinalOne\mesh.cpp(356,40): warning C4244:         [
D:\文件\C++项目\ComputerGraphics\ExperimentFinalOne\ExperimentFinalOne\mesh.cpp(356,40): warning C4244:             _Ty=float
D:\文件\C++项目\ComputerGraphics\ExperimentFinalOne\ExperimentFinalOne\mesh.cpp(356,40): warning C4244:         ]
D:\文件\C++项目\ComputerGraphics\ExperimentFinalOne\ExperimentFinalOne\mesh.cpp(359,32): warning C4244: “参数”: 从“double”转换到“_Ty”，可能丢失数据
D:\文件\C++项目\ComputerGraphics\ExperimentFinalOne\ExperimentFinalOne\mesh.cpp(359,32): warning C4244:         with
D:\文件\C++项目\ComputerGraphics\ExperimentFinalOne\ExperimentFinalOne\mesh.cpp(359,32): warning C4244:         [
D:\文件\C++项目\ComputerGraphics\ExperimentFinalOne\ExperimentFinalOne\mesh.cpp(359,32): warning C4244:             _Ty=float
D:\文件\C++项目\ComputerGraphics\ExperimentFinalOne\ExperimentFinalOne\mesh.cpp(359,32): warning C4244:         ]
D:\文件\C++项目\ComputerGraphics\ExperimentFinalOne\ExperimentFinalOne\mesh.cpp(363,32): warning C4244: “参数”: 从“double”转换到“_Ty”，可能丢失数据
D:\文件\C++项目\ComputerGraphics\ExperimentFinalOne\ExperimentFinalOne\mesh.cpp(363,32): warning C4244:         with
D:\文件\C++项目\ComputerGraphics\ExperimentFinalOne\ExperimentFinalOne\mesh.cpp(363,32): warning C4244:         [
D:\文件\C++项目\ComputerGraphics\ExperimentFinalOne\ExperimentFinalOne\mesh.cpp(363,32): warning C4244:             _Ty=float
D:\文件\C++项目\ComputerGraphics\ExperimentFinalOne\ExperimentFinalOne\mesh.cpp(363,32): warning C4244:         ]
D:\文件\C++项目\ComputerGraphics\ExperimentFinalOne\ExperimentFinalOne\mesh.cpp(366,40): warning C4244: “参数”: 从“double”转换到“_Ty”，可能丢失数据
D:\文件\C++项目\ComputerGraphics\ExperimentFinalOne\ExperimentFinalOne\mesh.cpp(366,40): warning C4244:         with
D:\文件\C++项目\ComputerGraphics\ExperimentFinalOne\ExperimentFinalOne\mesh.cpp(366,40): warning C4244:         [
D:\文件\C++项目\ComputerGraphics\ExperimentFinalOne\ExperimentFinalOne\mesh.cpp(366,40): warning C4244:             _Ty=float
D:\文件\C++项目\ComputerGraphics\ExperimentFinalOne\ExperimentFinalOne\mesh.cpp(366,40): warning C4244:         ]
D:\文件\C++项目\ComputerGraphics\ExperimentFinalOne\ExperimentFinalOne\mesh.cpp(369,40): warning C4244: “参数”: 从“double”转换到“_Ty”，可能丢失数据
D:\文件\C++项目\ComputerGraphics\ExperimentFinalOne\ExperimentFinalOne\mesh.cpp(369,40): warning C4244:         with
D:\文件\C++项目\ComputerGraphics\ExperimentFinalOne\ExperimentFinalOne\mesh.cpp(369,40): warning C4244:         [
D:\文件\C++项目\ComputerGraphics\ExperimentFinalOne\ExperimentFinalOne\mesh.cpp(369,40): warning C4244:             _Ty=float
D:\文件\C++项目\ComputerGraphics\ExperimentFinalOne\ExperimentFinalOne\mesh.cpp(369,40): warning C4244:         ]
  ExperimentFinalOne.vcxproj -> D:\文件\C++项目\ComputerGraphics\ExperimentFinalOne\Debug\ExperimentFinalOne.exe
